<?xml version="1.0" encoding="UTF-8"?>
<testsuite xmlns:xsi="http://www.w3.org/2001/XMLSchema-instance" xsi:noNamespaceSchemaLocation="https://maven.apache.org/surefire/maven-surefire-plugin/xsd/surefire-test-report.xsd" name="com.itree.test.CalculatorTest" time="10.089" tests="8" errors="1" skipped="1" failures="1">
  <properties>
    <property name="sun.desktop" value="windows"/>
    <property name="awt.toolkit" value="sun.awt.windows.WToolkit"/>
    <property name="file.encoding.pkg" value="sun.io"/>
    <property name="java.specification.version" value="1.8"/>
    <property name="sun.cpu.isalist" value="amd64"/>
    <property name="sun.jnu.encoding" value="GBK"/>
    <property name="java.class.path" value="E:\PMsystem\workspace-spring-tool-suite-4-4.5.1.RELEASE\junit\target\test-classes;E:\PMsystem\workspace-spring-tool-suite-4-4.5.1.RELEASE\junit\target\classes;E:\PMsystem\maven-repository\junit\junit\4.11\junit-4.11.jar;E:\PMsystem\maven-repository\org\hamcrest\hamcrest-core\1.3\hamcrest-core-1.3.jar;"/>
    <property name="java.vm.vendor" value="Oracle Corporation"/>
    <property name="sun.arch.data.model" value="64"/>
    <property name="user.variant" value=""/>
    <property name="java.vendor.url" value="http://java.oracle.com/"/>
    <property name="user.timezone" value="Asia/Shanghai"/>
    <property name="java.vm.specification.version" value="1.8"/>
    <property name="os.name" value="Windows 10"/>
    <property name="user.country" value="CN"/>
    <property name="sun.java.launcher" value="SUN_STANDARD"/>
    <property name="sun.boot.library.path" value="E:\PMsystem\Java\jdk1.8.0_241\jre\bin"/>
    <property name="sun.java.command" value="C:\Users\GABHVTDJ\AppData\Local\Temp\surefire7122677123887873835\surefirebooter1172658274771719692.jar C:\Users\GABHVTDJ\AppData\Local\Temp\surefire7122677123887873835 2020-03-17T16-12-24_109-jvmRun1 surefire773532475032323663tmp surefire_07745845614060156433tmp"/>
    <property name="surefire.test.class.path" value="E:\PMsystem\workspace-spring-tool-suite-4-4.5.1.RELEASE\junit\target\test-classes;E:\PMsystem\workspace-spring-tool-suite-4-4.5.1.RELEASE\junit\target\classes;E:\PMsystem\maven-repository\junit\junit\4.11\junit-4.11.jar;E:\PMsystem\maven-repository\org\hamcrest\hamcrest-core\1.3\hamcrest-core-1.3.jar;"/>
    <property name="sun.cpu.endian" value="little"/>
    <property name="user.home" value="C:\Users\GABHVTDJ"/>
    <property name="user.language" value="zh"/>
    <property name="java.specification.vendor" value="Oracle Corporation"/>
    <property name="java.home" value="E:\PMsystem\Java\jdk1.8.0_241\jre"/>
    <property name="basedir" value="E:\PMsystem\workspace-spring-tool-suite-4-4.5.1.RELEASE\junit"/>
    <property name="style.color" value="always"/>
    <property name="file.separator" value="\"/>
    <property name="line.separator" value="&#10;"/>
    <property name="java.vm.specification.vendor" value="Oracle Corporation"/>
    <property name="java.specification.name" value="Java Platform API Specification"/>
    <property name="java.awt.graphicsenv" value="sun.awt.Win32GraphicsEnvironment"/>
    <property name="surefire.real.class.path" value="C:\Users\GABHVTDJ\AppData\Local\Temp\surefire7122677123887873835\surefirebooter1172658274771719692.jar"/>
    <property name="sun.boot.class.path" value="E:\PMsystem\Java\jdk1.8.0_241\jre\lib\resources.jar;E:\PMsystem\Java\jdk1.8.0_241\jre\lib\rt.jar;E:\PMsystem\Java\jdk1.8.0_241\jre\lib\sunrsasign.jar;E:\PMsystem\Java\jdk1.8.0_241\jre\lib\jsse.jar;E:\PMsystem\Java\jdk1.8.0_241\jre\lib\jce.jar;E:\PMsystem\Java\jdk1.8.0_241\jre\lib\charsets.jar;E:\PMsystem\Java\jdk1.8.0_241\jre\lib\jfr.jar;E:\PMsystem\Java\jdk1.8.0_241\jre\classes"/>
    <property name="user.script" value=""/>
    <property name="sun.management.compiler" value="HotSpot 64-Bit Tiered Compilers"/>
    <property name="java.runtime.version" value="1.8.0_241-b07"/>
    <property name="user.name" value="GABHVTDJ"/>
    <property name="path.separator" value=";"/>
    <property name="os.version" value="10.0"/>
    <property name="java.endorsed.dirs" value="E:\PMsystem\Java\jdk1.8.0_241\jre\lib\endorsed"/>
    <property name="java.runtime.name" value="Java(TM) SE Runtime Environment"/>
    <property name="file.encoding" value="GBK"/>
    <property name="java.vm.name" value="Java HotSpot(TM) 64-Bit Server VM"/>
    <property name="localRepository" value="E:\PMsystem\maven-repository"/>
    <property name="java.vendor.url.bug" value="http://bugreport.sun.com/bugreport/"/>
    <property name="java.io.tmpdir" value="C:\Users\GABHVTDJ\AppData\Local\Temp\"/>
    <property name="java.version" value="1.8.0_241"/>
    <property name="user.dir" value="E:\PMsystem\workspace-spring-tool-suite-4-4.5.1.RELEASE\junit"/>
    <property name="os.arch" value="amd64"/>
    <property name="java.vm.specification.name" value="Java Virtual Machine Specification"/>
    <property name="java.awt.printerjob" value="sun.awt.windows.WPrinterJob"/>
    <property name="sun.os.patch.level" value=""/>
    <property name="java.library.path" value="E:\PMsystem\Java\jdk1.8.0_241\jre\bin;C:\WINDOWS\Sun\Java\bin;C:\WINDOWS\system32;C:\WINDOWS;E:/PMsystem/Java/jdk1.8.0_241/bin/../jre/bin/server;E:/PMsystem/Java/jdk1.8.0_241/bin/../jre/bin;E:/PMsystem/Java/jdk1.8.0_241/bin/../jre/lib/amd64;E:\PMsystem\Java\jdk1.8.0_241\bin;E:\PMsystem\Java\jdk1.8.0_241\jre\bin;D:\my_D\Aa_study\jdk\bin;D:\my_D\Aa_study\jdk-1.8\jdk-8u181-windows-i586\bin;D:\my_D\Aa_study\jdk-1.8\Java\bin;C:\Program Files (x86)\Common Files\Oracle\Java\javapath;C:\Windows\system32;C:\Windows;C:\Windows\System32\Wbem;C:\Windows\System32\WindowsPowerShell\v1.0\;C:\Program Files (x86)\NVIDIA Corporation\PhysX\Common;C:\WINDOWS\system32;C:\WINDOWS;C:\WINDOWS\System32\Wbem;C:\WINDOWS\System32\WindowsPowerShell\v1.0\;C:\WINDOWS\System32\OpenSSH\;C:\Program Files\Microsoft SQL Server\90\DTS\Binn\;C:\Program Files\NVIDIA Corporation\NVIDIA NvDLISR;E:\PMsystem\apache-maven-3.6.3-bin\apache-maven-3.6.3\bin;E:\PMsystem\Git\cmd;E:\PMsystem\git-tortoisegit\bin;E:\PMsystem\apache-ant-1.9.6-bin\apache-ant-1.9.6\bin;C:\Users\GABHVTDJ\AppData\Local\Microsoft\WindowsApps;;E:\PMsystem\sts-4.5.1\sts-4.5.1.RELEASE;;."/>
    <property name="java.vm.info" value="mixed mode"/>
    <property name="java.vendor" value="Oracle Corporation"/>
    <property name="java.vm.version" value="25.241-b07"/>
    <property name="java.ext.dirs" value="E:\PMsystem\Java\jdk1.8.0_241\jre\lib\ext;C:\WINDOWS\Sun\Java\lib\ext"/>
    <property name="sun.io.unicode.encoding" value="UnicodeLittle"/>
    <property name="java.class.version" value="52.0"/>
  </properties>
  <testcase name="testAdd" classname="com.itree.test.CalculatorTest" time="0.005"/>
  <testcase name="testDiv" classname="com.itree.test.CalculatorTest" time="0.003"/>
  <testcase name="testSqu" classname="com.itree.test.CalculatorTest" time="0.001"/>
  <testcase name="testSub" classname="com.itree.test.CalculatorTest" time="0.001"/>
  <testcase name="testmul" classname="com.itree.test.CalculatorTest" time="0.007">
    <failure message="Not yet implemented" type="java.lang.AssertionError">java.lang.AssertionError: Not yet implemented
	at com.itree.test.CalculatorTest.testmul(CalculatorTest.java:85)
</failure>
    <system-out><![CDATA[我是before！！！！！！！
我是after？？？？？？
]]></system-out>
  </testcase>
  <testcase name="test" classname="com.itree.test.CalculatorTest" time="0">
    <skipped message="test() 我是自动生成的那一个错误的"/>
  </testcase>
  <testcase name="divideByZero" classname="com.itree.test.CalculatorTest" time="0"/>
  <testcase name="squareRoot" classname="com.itree.test.CalculatorTest" time="10.002">
    <error message="test timed out after 10000 milliseconds" type="java.lang.Exception">java.lang.Exception: test timed out after 10000 milliseconds
	at com.itree.test.CalculatorTest.squareRoot(CalculatorTest.java:92)
</error>
    <system-out><![CDATA[我是before！！！！！！！
我是after？？？？？？
]]></system-out>
  </testcase>
</testsuite>